Added Component: Designator=C9(CAP_0603)
Add component (AddParameter): Name = "Distributor"; Value = ""; VariantName = "[No Variations]"
Add component (AddParameter): Name = "Distributor Number"; Value = ""; VariantName = "[No Variations]"
Add component (AddParameter): Name = "Manufacturer"; Value = ""; VariantName = "[No Variations]"
Add component (AddParameter): Name = "Manufacturer Number"; Value = ""; VariantName = "[No Variations]"
Add component (AddParameter): Name = "Value"; Value = "1uF"; VariantName = "[No Variations]"
Added Component: Designator=C10(CAP_0603)
Add component (AddParameter): Name = "Distributor"; Value = ""; VariantName = "[No Variations]"
Add component (AddParameter): Name = "Distributor Number"; Value = ""; VariantName = "[No Variations]"
Add component (AddParameter): Name = "Manufacturer"; Value = ""; VariantName = "[No Variations]"
Add component (AddParameter): Name = "Manufacturer Number"; Value = ""; VariantName = "[No Variations]"
Add component (AddParameter): Name = "Value"; Value = "2.2uF"; VariantName = "[No Variations]"
Added Component: Designator=J2(04X01_PADS_2.54MM)
Added Component: Designator=S1(SW_SPST_Tactile)
Add component (AddParameter): Name = "Distributor"; Value = "Mouser"; VariantName = "[No Variations]"
Add component (AddParameter): Name = "Distributor Number"; Value = ""; VariantName = "[No Variations]"
Add component (AddParameter): Name = "Manufacturer"; Value = ""; VariantName = "[No Variations]"
Add component (AddParameter): Name = "Manufacturer Number"; Value = ""; VariantName = "[No Variations]"
Added Component: Designator=U2(SOT-23-3)
Add component (AddParameter): Name = "Distributor"; Value = "Mouser"; VariantName = "[No Variations]"
Add component (AddParameter): Name = "Distributor Number"; Value = "621-AP2210N-3.3TRG1"; VariantName = "[No Variations]"
Add component (AddParameter): Name = "Manufacturer"; Value = "Diodes Incorperated"; VariantName = "[No Variations]"
Add component (AddParameter): Name = "Manufacturer Number"; Value = "AP2210N-3.3TRG1"; VariantName = "[No Variations]"
Added Pin To Net: NetName=GND Pin=C9-1
Added Pin To Net: NetName=GND Pin=C10-1
Added Pin To Net: NetName=+3.3V Pin=C10-2
Added Pin To Net: NetName=SCL Pin=J2-1
Added Pin To Net: NetName=SDA Pin=J2-2
Added Pin To Net: NetName=GND Pin=J2-3
Added Pin To Net: NetName=+3.3V Pin=J2-4
Added Pin To Net: NetName=GND Pin=S1-1
Added Pin To Net: NetName=NetC1_2 Pin=S1-2
Added Pin To Net: NetName=GND Pin=U2-1
Added Pin To Net: NetName=+3.3V Pin=U2-2
Added Pin To Net: NetName=+9V Pin=C9-2
Added Pin To Net: NetName=+9V Pin=U2-3
Added Net: Name=+9V
Added Member To Class: ClassName=Top Member=Component C9 CAP
Added Member To Class: ClassName=Top Member=Component C10 CAP
Added Member To Class: ClassName=Top Member=Component J2 Pads_04x01
Added Member To Class: ClassName=Top Member=Component S1 SW-PB
Added Member To Class: ClassName=Top Member=Component U2 AP2210N-3.3TRG1
