Added Component: Designator=C1(CAP_0805)
Add component (AddParameter): Name = "Parameter 1"; Value = "1µF"; VariantName = "[No Variations]"
Added Component: Designator=C2(CAP_0805)
Add component (AddParameter): Name = "Parameter 1"; Value = "100nF"; VariantName = "[No Variations]"
Added Component: Designator=D1(LED_0805)
Added Component: Designator=D2(LED_0805)
Added Component: Designator=D3(LED_0805)
Added Component: Designator=D4(LED_0805)
Added Component: Designator=D5(LED_0805)
Added Component: Designator=D6(LED_0805)
Added Component: Designator=D7(LED_0805)
Added Component: Designator=D8(LED_0805)
Added Component: Designator=D9(LED_0805)
Added Component: Designator=D10(LED_0805)
Added Component: Designator=D11(LED_0805)
Added Component: Designator=D12(LED_0805)
Added Component: Designator=D13(LED_0805)
Added Component: Designator=D14(LED_0805)
Added Component: Designator=D15(LED_0805)
Added Component: Designator=D16(LED_0805)
Added Component: Designator=D17(LED_0805)
Added Component: Designator=D18(LED_0805)
Added Component: Designator=D19(LED_0805)
Added Component: Designator=D20(LED_0805)
Added Component: Designator=D21(LED_0805)
Added Component: Designator=D22(LED_0805)
Added Component: Designator=D23(LED_0805)
Added Component: Designator=D24(LED_0805)
Added Component: Designator=D25(LED_0805)
Added Component: Designator=D26(LED_0805)
Added Component: Designator=D27(LED_0805)
Added Component: Designator=J1(02X01_Header_2.54mm_MAL)
Add component (AddParameter): Name = "Distributor"; Value = ""; VariantName = "[No Variations]"
Add component (AddParameter): Name = "Distributor Number"; Value = ""; VariantName = "[No Variations]"
Add component (AddParameter): Name = "Manufacturer"; Value = ""; VariantName = "[No Variations]"
Add component (AddParameter): Name = "Manufacturer Number"; Value = ""; VariantName = "[No Variations]"
Added Component: Designator=J2(02X01_Header_2.54mm_MAL)
Add component (AddParameter): Name = "Distributor"; Value = ""; VariantName = "[No Variations]"
Add component (AddParameter): Name = "Distributor Number"; Value = ""; VariantName = "[No Variations]"
Add component (AddParameter): Name = "Manufacturer"; Value = ""; VariantName = "[No Variations]"
Add component (AddParameter): Name = "Manufacturer Number"; Value = ""; VariantName = "[No Variations]"
Added Component: Designator=R1(RES_0805)
Add component (AddParameter): Name = "Value"; Value = "100K"; VariantName = "[No Variations]"
Added Component: Designator=U1(QFN50P395X400X80_HS-25N)
Added Pin To Net: NetName=+3.3V Pin=C1-2
Added Pin To Net: NetName=+3.3V Pin=C2-2
Added Pin To Net: NetName=+3.3V Pin=U1-11
Added Net: Name=+3.3V
Added Pin To Net: NetName=AD Pin=J2-1
Added Pin To Net: NetName=AD Pin=U1-6
Added Net: Name=AD
Added Pin To Net: NetName=GND Pin=C1-1
Added Pin To Net: NetName=GND Pin=C2-1
Added Pin To Net: NetName=GND Pin=R1-1
Added Pin To Net: NetName=GND Pin=U1-20
Added Pin To Net: NetName=GND Pin=U1-25
Added Net: Name=GND
Added Pin To Net: NetName=NetD1_1 Pin=D1-1
Added Pin To Net: NetName=NetD1_1 Pin=D2-1
Added Pin To Net: NetName=NetD1_1 Pin=D3-1
Added Pin To Net: NetName=NetD1_1 Pin=D4-1
Added Pin To Net: NetName=NetD1_1 Pin=D5-1
Added Pin To Net: NetName=NetD1_1 Pin=D6-1
Added Pin To Net: NetName=NetD1_1 Pin=D7-1
Added Pin To Net: NetName=NetD1_1 Pin=D8-1
Added Pin To Net: NetName=NetD1_1 Pin=D9-1
Added Pin To Net: NetName=NetD1_1 Pin=U1-9
Added Net: Name=NetD1_1
Added Pin To Net: NetName=NetD1_2 Pin=D1-2
Added Pin To Net: NetName=NetD1_2 Pin=D17-2
Added Pin To Net: NetName=NetD1_2 Pin=D26-2
Added Pin To Net: NetName=NetD1_2 Pin=U1-23
Added Net: Name=NetD1_2
Added Pin To Net: NetName=NetD2_2 Pin=D2-2
Added Pin To Net: NetName=NetD2_2 Pin=D10-2
Added Pin To Net: NetName=NetD2_2 Pin=D19-2
Added Pin To Net: NetName=NetD2_2 Pin=U1-15
Added Net: Name=NetD2_2
Added Pin To Net: NetName=NetD3_2 Pin=D3-2
Added Pin To Net: NetName=NetD3_2 Pin=D11-2
Added Pin To Net: NetName=NetD3_2 Pin=D20-2
Added Pin To Net: NetName=NetD3_2 Pin=U1-16
Added Net: Name=NetD3_2
Added Pin To Net: NetName=NetD4_2 Pin=D4-2
Added Pin To Net: NetName=NetD4_2 Pin=D12-2
Added Pin To Net: NetName=NetD4_2 Pin=D21-2
Added Pin To Net: NetName=NetD4_2 Pin=U1-17
Added Net: Name=NetD4_2
Added Pin To Net: NetName=NetD5_2 Pin=D5-2
Added Pin To Net: NetName=NetD5_2 Pin=D13-2
Added Pin To Net: NetName=NetD5_2 Pin=D22-2
Added Pin To Net: NetName=NetD5_2 Pin=U1-18
Added Net: Name=NetD5_2
Added Pin To Net: NetName=NetD6_2 Pin=D6-2
Added Pin To Net: NetName=NetD6_2 Pin=D14-2
Added Pin To Net: NetName=NetD6_2 Pin=D23-2
Added Pin To Net: NetName=NetD6_2 Pin=U1-19
Added Net: Name=NetD6_2
Added Pin To Net: NetName=NetD7_2 Pin=D7-2
Added Pin To Net: NetName=NetD7_2 Pin=D15-2
Added Pin To Net: NetName=NetD7_2 Pin=D24-2
Added Pin To Net: NetName=NetD7_2 Pin=U1-21
Added Net: Name=NetD7_2
Added Pin To Net: NetName=NetD8_2 Pin=D8-2
Added Pin To Net: NetName=NetD8_2 Pin=D16-2
Added Pin To Net: NetName=NetD8_2 Pin=D25-2
Added Pin To Net: NetName=NetD8_2 Pin=U1-22
Added Net: Name=NetD8_2
Added Pin To Net: NetName=NetD9_2 Pin=D9-2
Added Pin To Net: NetName=NetD9_2 Pin=D18-2
Added Pin To Net: NetName=NetD9_2 Pin=D27-2
Added Pin To Net: NetName=NetD9_2 Pin=U1-24
Added Net: Name=NetD9_2
Added Pin To Net: NetName=NetD10_1 Pin=D10-1
Added Pin To Net: NetName=NetD10_1 Pin=D11-1
Added Pin To Net: NetName=NetD10_1 Pin=D12-1
Added Pin To Net: NetName=NetD10_1 Pin=D13-1
Added Pin To Net: NetName=NetD10_1 Pin=D14-1
Added Pin To Net: NetName=NetD10_1 Pin=D15-1
Added Pin To Net: NetName=NetD10_1 Pin=D16-1
Added Pin To Net: NetName=NetD10_1 Pin=D17-1
Added Pin To Net: NetName=NetD10_1 Pin=D18-1
Added Pin To Net: NetName=NetD10_1 Pin=U1-8
Added Net: Name=NetD10_1
Added Pin To Net: NetName=NetD19_1 Pin=D19-1
Added Pin To Net: NetName=NetD19_1 Pin=D20-1
Added Pin To Net: NetName=NetD19_1 Pin=D21-1
Added Pin To Net: NetName=NetD19_1 Pin=D22-1
Added Pin To Net: NetName=NetD19_1 Pin=D23-1
Added Pin To Net: NetName=NetD19_1 Pin=D24-1
Added Pin To Net: NetName=NetD19_1 Pin=D25-1
Added Pin To Net: NetName=NetD19_1 Pin=D26-1
Added Pin To Net: NetName=NetD19_1 Pin=D27-1
Added Pin To Net: NetName=NetD19_1 Pin=U1-7
Added Net: Name=NetD19_1
Added Pin To Net: NetName=SCL Pin=J1-1
Added Pin To Net: NetName=SCL Pin=U1-2
Added Net: Name=SCL
Added Pin To Net: NetName=SDA Pin=J1-2
Added Pin To Net: NetName=SDA Pin=U1-1
Added Net: Name=SDA
Added Pin To Net: NetName=SDB Pin=J2-2
Added Pin To Net: NetName=SDB Pin=R1-2
Added Pin To Net: NetName=SDB Pin=U1-3
Added Net: Name=SDB
Added Class: Name=Top
