Removed Pin From Net: NetName=C1 Pin=D1-2
Removed Pin From Net: NetName=C2 Pin=D2-2
Removed Pin From Net: NetName=R4 Pin=D6-1
Removed Pin From Net: NetName=C1 Pin=D6-2
Removed Pin From Net: NetName=R4 Pin=D7-1
Removed Pin From Net: NetName=C2 Pin=D7-2
Removed Pin From Net: NetName=R4 Pin=D8-1
Removed Pin From Net: NetName=C3 Pin=D8-2
Removed Pin From Net: NetName=R4 Pin=D9-1
Removed Pin From Net: NetName=C4 Pin=D9-2
Removed Pin From Net: NetName=R4 Pin=D10-1
Removed Pin From Net: NetName=C5 Pin=D10-2
Removed Pin From Net: NetName=R3 Pin=D11-1
Removed Pin From Net: NetName=C1 Pin=D11-2
Removed Pin From Net: NetName=R3 Pin=D12-1
Removed Pin From Net: NetName=C2 Pin=D12-2
Removed Pin From Net: NetName=R3 Pin=D13-1
Removed Pin From Net: NetName=C3 Pin=D13-2
Removed Pin From Net: NetName=R3 Pin=D14-1
Removed Pin From Net: NetName=C4 Pin=D14-2
Removed Pin From Net: NetName=R3 Pin=D15-1
Removed Pin From Net: NetName=C5 Pin=D15-2
Removed Pin From Net: NetName=R2 Pin=D16-1
Removed Pin From Net: NetName=C1 Pin=D16-2
Removed Pin From Net: NetName=R2 Pin=D17-1
Removed Pin From Net: NetName=C2 Pin=D17-2
Removed Pin From Net: NetName=R2 Pin=D18-1
Removed Pin From Net: NetName=C3 Pin=D18-2
Removed Pin From Net: NetName=R2 Pin=D19-1
Removed Pin From Net: NetName=C4 Pin=D19-2
Removed Pin From Net: NetName=R2 Pin=D20-1
Removed Pin From Net: NetName=C5 Pin=D20-2
Removed Pin From Net: NetName=R1 Pin=D21-1
Removed Pin From Net: NetName=C1 Pin=D21-2
Removed Pin From Net: NetName=R1 Pin=D22-1
Removed Pin From Net: NetName=C2 Pin=D22-2
Removed Pin From Net: NetName=R1 Pin=D23-1
Removed Pin From Net: NetName=C3 Pin=D23-2
Removed Pin From Net: NetName=R1 Pin=D24-1
Removed Pin From Net: NetName=C4 Pin=D24-2
Removed Pin From Net: NetName=R1 Pin=D25-1
Removed Pin From Net: NetName=C5 Pin=D25-2
Change component parameters: Designator = "D1" ("D1"); Footprint = "LED_0805"; UniqueID = "\GOGEHOSE" ("\GOGEHOSE")
Change component parameters (AddParameter): Name = "Distributor"; Value = ""; VariantName = "[No Variations]"
Change component parameters (AddParameter): Name = "Distributor Number"; Value = ""; VariantName = "[No Variations]"
Change component parameters (AddParameter): Name = "Manufacturer"; Value = "ROHM Semiconductor"; VariantName = "[No Variations]"
Change component parameters (AddParameter): Name = "Manufacturer Number"; Value = ""; VariantName = "[No Variations]"
Change component parameters: Designator = "D2" ("D2"); Footprint = "LED_0805"; UniqueID = "\KNDGCAGP" ("\KNDGCAGP")
Change component parameters (AddParameter): Name = "Distributor"; Value = ""; VariantName = "[No Variations]"
Change component parameters (AddParameter): Name = "Distributor Number"; Value = ""; VariantName = "[No Variations]"
Change component parameters (AddParameter): Name = "Manufacturer"; Value = "ROHM Semiconductor"; VariantName = "[No Variations]"
Change component parameters (AddParameter): Name = "Manufacturer Number"; Value = ""; VariantName = "[No Variations]"
Change component parameters: Designator = "D6" ("D6"); Footprint = "LED_0805"; UniqueID = "\XAUMVLVE" ("\XAUMVLVE")
Change component parameters (AddParameter): Name = "Distributor"; Value = ""; VariantName = "[No Variations]"
Change component parameters (AddParameter): Name = "Distributor Number"; Value = ""; VariantName = "[No Variations]"
Change component parameters (AddParameter): Name = "Manufacturer"; Value = "ROHM Semiconductor"; VariantName = "[No Variations]"
Change component parameters (AddParameter): Name = "Manufacturer Number"; Value = ""; VariantName = "[No Variations]"
Change component parameters: Designator = "D7" ("D7"); Footprint = "LED_0805"; UniqueID = "\CYNFIEUG" ("\CYNFIEUG")
Change component parameters (AddParameter): Name = "Distributor"; Value = ""; VariantName = "[No Variations]"
Change component parameters (AddParameter): Name = "Distributor Number"; Value = ""; VariantName = "[No Variations]"
Change component parameters (AddParameter): Name = "Manufacturer"; Value = "ROHM Semiconductor"; VariantName = "[No Variations]"
Change component parameters (AddParameter): Name = "Manufacturer Number"; Value = ""; VariantName = "[No Variations]"
Change component parameters: Designator = "D8" ("D8"); Footprint = "LED_0805"; UniqueID = "\XNCXHNNS" ("\XNCXHNNS")
Change component parameters (AddParameter): Name = "Distributor"; Value = ""; VariantName = "[No Variations]"
Change component parameters (AddParameter): Name = "Distributor Number"; Value = ""; VariantName = "[No Variations]"
Change component parameters (AddParameter): Name = "Manufacturer"; Value = "ROHM Semiconductor"; VariantName = "[No Variations]"
Change component parameters (AddParameter): Name = "Manufacturer Number"; Value = ""; VariantName = "[No Variations]"
Change component parameters: Designator = "D9" ("D9"); Footprint = "LED_0805"; UniqueID = "\GVMLCENN" ("\GVMLCENN")
Change component parameters (AddParameter): Name = "Distributor"; Value = ""; VariantName = "[No Variations]"
Change component parameters (AddParameter): Name = "Distributor Number"; Value = ""; VariantName = "[No Variations]"
Change component parameters (AddParameter): Name = "Manufacturer"; Value = "ROHM Semiconductor"; VariantName = "[No Variations]"
Change component parameters (AddParameter): Name = "Manufacturer Number"; Value = ""; VariantName = "[No Variations]"
Change component parameters: Designator = "D10" ("D10"); Footprint = "LED_0805"; UniqueID = "\VYKEJLRN" ("\VYKEJLRN")
Change component parameters (AddParameter): Name = "Distributor"; Value = ""; VariantName = "[No Variations]"
Change component parameters (AddParameter): Name = "Distributor Number"; Value = ""; VariantName = "[No Variations]"
Change component parameters (AddParameter): Name = "Manufacturer"; Value = "ROHM Semiconductor"; VariantName = "[No Variations]"
Change component parameters (AddParameter): Name = "Manufacturer Number"; Value = ""; VariantName = "[No Variations]"
Change component parameters: Designator = "D11" ("D11"); Footprint = "LED_0805"; UniqueID = "\AGFUKBEN" ("\AGFUKBEN")
Change component parameters (AddParameter): Name = "Distributor"; Value = ""; VariantName = "[No Variations]"
Change component parameters (AddParameter): Name = "Distributor Number"; Value = ""; VariantName = "[No Variations]"
Change component parameters (AddParameter): Name = "Manufacturer"; Value = "ROHM Semiconductor"; VariantName = "[No Variations]"
Change component parameters (AddParameter): Name = "Manufacturer Number"; Value = ""; VariantName = "[No Variations]"
Change component parameters: Designator = "D12" ("D12"); Footprint = "LED_0805"; UniqueID = "\NISMFMZL" ("\NISMFMZL")
Change component parameters (AddParameter): Name = "Distributor"; Value = ""; VariantName = "[No Variations]"
Change component parameters (AddParameter): Name = "Distributor Number"; Value = ""; VariantName = "[No Variations]"
Change component parameters (AddParameter): Name = "Manufacturer"; Value = "ROHM Semiconductor"; VariantName = "[No Variations]"
Change component parameters (AddParameter): Name = "Manufacturer Number"; Value = ""; VariantName = "[No Variations]"
Change component parameters: Designator = "D13" ("D13"); Footprint = "LED_0805"; UniqueID = "\LRGQVESD" ("\LRGQVESD")
Change component parameters (AddParameter): Name = "Distributor"; Value = ""; VariantName = "[No Variations]"
Change component parameters (AddParameter): Name = "Distributor Number"; Value = ""; VariantName = "[No Variations]"
Change component parameters (AddParameter): Name = "Manufacturer"; Value = "ROHM Semiconductor"; VariantName = "[No Variations]"
Change component parameters (AddParameter): Name = "Manufacturer Number"; Value = ""; VariantName = "[No Variations]"
Change component parameters: Designator = "D14" ("D14"); Footprint = "LED_0805"; UniqueID = "\QMPLIXZO" ("\QMPLIXZO")
Change component parameters (AddParameter): Name = "Distributor"; Value = ""; VariantName = "[No Variations]"
Change component parameters (AddParameter): Name = "Distributor Number"; Value = ""; VariantName = "[No Variations]"
Change component parameters (AddParameter): Name = "Manufacturer"; Value = "ROHM Semiconductor"; VariantName = "[No Variations]"
Change component parameters (AddParameter): Name = "Manufacturer Number"; Value = ""; VariantName = "[No Variations]"
Change component parameters: Designator = "D15" ("D15"); Footprint = "LED_0805"; UniqueID = "\XGEAUMBD" ("\XGEAUMBD")
Change component parameters (AddParameter): Name = "Distributor"; Value = ""; VariantName = "[No Variations]"
Change component parameters (AddParameter): Name = "Distributor Number"; Value = ""; VariantName = "[No Variations]"
Change component parameters (AddParameter): Name = "Manufacturer"; Value = "ROHM Semiconductor"; VariantName = "[No Variations]"
Change component parameters (AddParameter): Name = "Manufacturer Number"; Value = ""; VariantName = "[No Variations]"
Change component parameters: Designator = "D16" ("D16"); Footprint = "LED_0805"; UniqueID = "\QEPTOEHB" ("\QEPTOEHB")
Change component parameters (AddParameter): Name = "Distributor"; Value = ""; VariantName = "[No Variations]"
Change component parameters (AddParameter): Name = "Distributor Number"; Value = ""; VariantName = "[No Variations]"
Change component parameters (AddParameter): Name = "Manufacturer"; Value = "ROHM Semiconductor"; VariantName = "[No Variations]"
Change component parameters (AddParameter): Name = "Manufacturer Number"; Value = ""; VariantName = "[No Variations]"
Change component parameters: Designator = "D17" ("D17"); Footprint = "LED_0805"; UniqueID = "\UTZMNAPP" ("\UTZMNAPP")
Change component parameters (AddParameter): Name = "Distributor"; Value = ""; VariantName = "[No Variations]"
Change component parameters (AddParameter): Name = "Distributor Number"; Value = ""; VariantName = "[No Variations]"
Change component parameters (AddParameter): Name = "Manufacturer"; Value = "ROHM Semiconductor"; VariantName = "[No Variations]"
Change component parameters (AddParameter): Name = "Manufacturer Number"; Value = ""; VariantName = "[No Variations]"
Change component parameters: Designator = "D18" ("D18"); Footprint = "LED_0805"; UniqueID = "\YEYVRQWT" ("\YEYVRQWT")
Change component parameters (AddParameter): Name = "Distributor"; Value = ""; VariantName = "[No Variations]"
Change component parameters (AddParameter): Name = "Distributor Number"; Value = ""; VariantName = "[No Variations]"
Change component parameters (AddParameter): Name = "Manufacturer"; Value = "ROHM Semiconductor"; VariantName = "[No Variations]"
Change component parameters (AddParameter): Name = "Manufacturer Number"; Value = ""; VariantName = "[No Variations]"
Change component parameters: Designator = "D19" ("D19"); Footprint = "LED_0805"; UniqueID = "\AUSYNCVX" ("\AUSYNCVX")
Change component parameters (AddParameter): Name = "Distributor"; Value = ""; VariantName = "[No Variations]"
Change component parameters (AddParameter): Name = "Distributor Number"; Value = ""; VariantName = "[No Variations]"
Change component parameters (AddParameter): Name = "Manufacturer"; Value = "ROHM Semiconductor"; VariantName = "[No Variations]"
Change component parameters (AddParameter): Name = "Manufacturer Number"; Value = ""; VariantName = "[No Variations]"
Change component parameters: Designator = "D20" ("D20"); Footprint = "LED_0805"; UniqueID = "\VOESGTVW" ("\VOESGTVW")
Change component parameters (AddParameter): Name = "Distributor"; Value = ""; VariantName = "[No Variations]"
Change component parameters (AddParameter): Name = "Distributor Number"; Value = ""; VariantName = "[No Variations]"
Change component parameters (AddParameter): Name = "Manufacturer"; Value = "ROHM Semiconductor"; VariantName = "[No Variations]"
Change component parameters (AddParameter): Name = "Manufacturer Number"; Value = ""; VariantName = "[No Variations]"
Change component parameters: Designator = "D21" ("D21"); Footprint = "LED_0805"; UniqueID = "\IGPKPXFI" ("\IGPKPXFI")
Change component parameters (AddParameter): Name = "Distributor"; Value = ""; VariantName = "[No Variations]"
Change component parameters (AddParameter): Name = "Distributor Number"; Value = ""; VariantName = "[No Variations]"
Change component parameters (AddParameter): Name = "Manufacturer"; Value = "ROHM Semiconductor"; VariantName = "[No Variations]"
Change component parameters (AddParameter): Name = "Manufacturer Number"; Value = ""; VariantName = "[No Variations]"
Change component parameters: Designator = "D22" ("D22"); Footprint = "LED_0805"; UniqueID = "\ZUMFKNVN" ("\ZUMFKNVN")
Change component parameters (AddParameter): Name = "Distributor"; Value = ""; VariantName = "[No Variations]"
Change component parameters (AddParameter): Name = "Distributor Number"; Value = ""; VariantName = "[No Variations]"
Change component parameters (AddParameter): Name = "Manufacturer"; Value = "ROHM Semiconductor"; VariantName = "[No Variations]"
Change component parameters (AddParameter): Name = "Manufacturer Number"; Value = ""; VariantName = "[No Variations]"
Change component parameters: Designator = "D23" ("D23"); Footprint = "LED_0805"; UniqueID = "\DLGIZCSU" ("\DLGIZCSU")
Change component parameters (AddParameter): Name = "Distributor"; Value = ""; VariantName = "[No Variations]"
Change component parameters (AddParameter): Name = "Distributor Number"; Value = ""; VariantName = "[No Variations]"
Change component parameters (AddParameter): Name = "Manufacturer"; Value = "ROHM Semiconductor"; VariantName = "[No Variations]"
Change component parameters (AddParameter): Name = "Manufacturer Number"; Value = ""; VariantName = "[No Variations]"
Change component parameters: Designator = "D24" ("D24"); Footprint = "LED_0805"; UniqueID = "\TUZNCITB" ("\TUZNCITB")
Change component parameters (AddParameter): Name = "Distributor"; Value = ""; VariantName = "[No Variations]"
Change component parameters (AddParameter): Name = "Distributor Number"; Value = ""; VariantName = "[No Variations]"
Change component parameters (AddParameter): Name = "Manufacturer"; Value = "ROHM Semiconductor"; VariantName = "[No Variations]"
Change component parameters (AddParameter): Name = "Manufacturer Number"; Value = ""; VariantName = "[No Variations]"
Change component parameters: Designator = "D25" ("D25"); Footprint = "LED_0805"; UniqueID = "\JNRNXYAZ" ("\JNRNXYAZ")
Change component parameters (AddParameter): Name = "Distributor"; Value = ""; VariantName = "[No Variations]"
Change component parameters (AddParameter): Name = "Distributor Number"; Value = ""; VariantName = "[No Variations]"
Change component parameters (AddParameter): Name = "Manufacturer"; Value = "ROHM Semiconductor"; VariantName = "[No Variations]"
Change component parameters (AddParameter): Name = "Manufacturer Number"; Value = ""; VariantName = "[No Variations]"
Added Component: Designator=D3(LED_0805)
Add component (AddParameter): Name = "Distributor"; Value = ""; VariantName = "[No Variations]"
Add component (AddParameter): Name = "Distributor Number"; Value = ""; VariantName = "[No Variations]"
Add component (AddParameter): Name = "Manufacturer"; Value = "ROHM Semiconductor"; VariantName = "[No Variations]"
Add component (AddParameter): Name = "Manufacturer Number"; Value = ""; VariantName = "[No Variations]"
Added Component: Designator=D4(LED_0805)
Add component (AddParameter): Name = "Distributor"; Value = ""; VariantName = "[No Variations]"
Add component (AddParameter): Name = "Distributor Number"; Value = ""; VariantName = "[No Variations]"
Add component (AddParameter): Name = "Manufacturer"; Value = "ROHM Semiconductor"; VariantName = "[No Variations]"
Add component (AddParameter): Name = "Manufacturer Number"; Value = ""; VariantName = "[No Variations]"
Added Component: Designator=D5(LED_0805)
Add component (AddParameter): Name = "Distributor"; Value = ""; VariantName = "[No Variations]"
Add component (AddParameter): Name = "Distributor Number"; Value = ""; VariantName = "[No Variations]"
Add component (AddParameter): Name = "Manufacturer"; Value = "ROHM Semiconductor"; VariantName = "[No Variations]"
Add component (AddParameter): Name = "Manufacturer Number"; Value = ""; VariantName = "[No Variations]"
Added Pin To Net: NetName=C1 Pin=D1-1
Added Pin To Net: NetName=C2 Pin=D2-1
Added Pin To Net: NetName=C3 Pin=D3-1
Added Pin To Net: NetName=C4 Pin=D4-1
Added Pin To Net: NetName=C5 Pin=D5-1
Added Pin To Net: NetName=C1 Pin=D6-1
Added Pin To Net: NetName=R4 Pin=D6-2
Added Pin To Net: NetName=C2 Pin=D7-1
Added Pin To Net: NetName=R4 Pin=D7-2
Added Pin To Net: NetName=C3 Pin=D8-1
Added Pin To Net: NetName=R4 Pin=D8-2
Added Pin To Net: NetName=C4 Pin=D9-1
Added Pin To Net: NetName=R4 Pin=D9-2
Added Pin To Net: NetName=C5 Pin=D10-1
Added Pin To Net: NetName=R4 Pin=D10-2
Added Pin To Net: NetName=C1 Pin=D11-1
Added Pin To Net: NetName=R3 Pin=D11-2
Added Pin To Net: NetName=C2 Pin=D12-1
Added Pin To Net: NetName=R3 Pin=D12-2
Added Pin To Net: NetName=C3 Pin=D13-1
Added Pin To Net: NetName=R3 Pin=D13-2
Added Pin To Net: NetName=C4 Pin=D14-1
Added Pin To Net: NetName=R3 Pin=D14-2
Added Pin To Net: NetName=C5 Pin=D15-1
Added Pin To Net: NetName=R3 Pin=D15-2
Added Pin To Net: NetName=C1 Pin=D16-1
Added Pin To Net: NetName=R2 Pin=D16-2
Added Pin To Net: NetName=C2 Pin=D17-1
Added Pin To Net: NetName=R2 Pin=D17-2
Added Pin To Net: NetName=C3 Pin=D18-1
Added Pin To Net: NetName=R2 Pin=D18-2
Added Pin To Net: NetName=C4 Pin=D19-1
Added Pin To Net: NetName=R2 Pin=D19-2
Added Pin To Net: NetName=C5 Pin=D20-1
Added Pin To Net: NetName=R2 Pin=D20-2
Added Pin To Net: NetName=C1 Pin=D21-1
Added Pin To Net: NetName=R1 Pin=D21-2
Added Pin To Net: NetName=C2 Pin=D22-1
Added Pin To Net: NetName=R1 Pin=D22-2
Added Pin To Net: NetName=C3 Pin=D23-1
Added Pin To Net: NetName=R1 Pin=D23-2
Added Pin To Net: NetName=C4 Pin=D24-1
Added Pin To Net: NetName=R1 Pin=D24-2
Added Pin To Net: NetName=C5 Pin=D25-1
Added Pin To Net: NetName=R1 Pin=D25-2
Added Pin To Net: NetName=NetD1_2 Pin=D1-2
Added Pin To Net: NetName=NetD1_2 Pin=D2-2
Added Pin To Net: NetName=NetD1_2 Pin=D3-2
Added Pin To Net: NetName=NetD1_2 Pin=D4-2
Added Pin To Net: NetName=NetD1_2 Pin=D5-2
Added Pin To Net: NetName=NetD1_2 Pin=U1-12
Added Net: Name=NetD1_2
Added Member To Class: ClassName=Top Member=Component D3 LED
Added Member To Class: ClassName=Top Member=Component D4 LED
Added Member To Class: ClassName=Top Member=Component D5 LED
