Added Component: Designator=D1(LED_0805)
Add component (AddParameter): Name = "Distributor"; Value = ""; VariantName = "[No Variations]"
Add component (AddParameter): Name = "Distributor Number"; Value = ""; VariantName = "[No Variations]"
Add component (AddParameter): Name = "Manufacturer"; Value = "ROHM Semiconductor"; VariantName = "[No Variations]"
Add component (AddParameter): Name = "Manufacturer Number"; Value = ""; VariantName = "[No Variations]"
Added Component: Designator=D2(LED_0805)
Add component (AddParameter): Name = "Distributor"; Value = ""; VariantName = "[No Variations]"
Add component (AddParameter): Name = "Distributor Number"; Value = ""; VariantName = "[No Variations]"
Add component (AddParameter): Name = "Manufacturer"; Value = "ROHM Semiconductor"; VariantName = "[No Variations]"
Add component (AddParameter): Name = "Manufacturer Number"; Value = ""; VariantName = "[No Variations]"
Added Component: Designator=D3(LED_0805)
Add component (AddParameter): Name = "Distributor"; Value = ""; VariantName = "[No Variations]"
Add component (AddParameter): Name = "Distributor Number"; Value = ""; VariantName = "[No Variations]"
Add component (AddParameter): Name = "Manufacturer"; Value = "ROHM Semiconductor"; VariantName = "[No Variations]"
Add component (AddParameter): Name = "Manufacturer Number"; Value = ""; VariantName = "[No Variations]"
Added Component: Designator=D4(LED_0805)
Add component (AddParameter): Name = "Distributor"; Value = ""; VariantName = "[No Variations]"
Add component (AddParameter): Name = "Distributor Number"; Value = ""; VariantName = "[No Variations]"
Add component (AddParameter): Name = "Manufacturer"; Value = "ROHM Semiconductor"; VariantName = "[No Variations]"
Add component (AddParameter): Name = "Manufacturer Number"; Value = ""; VariantName = "[No Variations]"
Added Component: Designator=D5(LED_0805)
Add component (AddParameter): Name = "Distributor"; Value = ""; VariantName = "[No Variations]"
Add component (AddParameter): Name = "Distributor Number"; Value = ""; VariantName = "[No Variations]"
Add component (AddParameter): Name = "Manufacturer"; Value = "ROHM Semiconductor"; VariantName = "[No Variations]"
Add component (AddParameter): Name = "Manufacturer Number"; Value = ""; VariantName = "[No Variations]"
Added Component: Designator=D6(LED_0805)
Add component (AddParameter): Name = "Distributor"; Value = ""; VariantName = "[No Variations]"
Add component (AddParameter): Name = "Distributor Number"; Value = ""; VariantName = "[No Variations]"
Add component (AddParameter): Name = "Manufacturer"; Value = "ROHM Semiconductor"; VariantName = "[No Variations]"
Add component (AddParameter): Name = "Manufacturer Number"; Value = ""; VariantName = "[No Variations]"
Added Component: Designator=D7(LED_0805)
Add component (AddParameter): Name = "Distributor"; Value = ""; VariantName = "[No Variations]"
Add component (AddParameter): Name = "Distributor Number"; Value = ""; VariantName = "[No Variations]"
Add component (AddParameter): Name = "Manufacturer"; Value = "ROHM Semiconductor"; VariantName = "[No Variations]"
Add component (AddParameter): Name = "Manufacturer Number"; Value = ""; VariantName = "[No Variations]"
Added Component: Designator=D8(LED_0805)
Add component (AddParameter): Name = "Distributor"; Value = ""; VariantName = "[No Variations]"
Add component (AddParameter): Name = "Distributor Number"; Value = ""; VariantName = "[No Variations]"
Add component (AddParameter): Name = "Manufacturer"; Value = "ROHM Semiconductor"; VariantName = "[No Variations]"
Add component (AddParameter): Name = "Manufacturer Number"; Value = ""; VariantName = "[No Variations]"
Added Component: Designator=D9(LED_0805)
Add component (AddParameter): Name = "Distributor"; Value = ""; VariantName = "[No Variations]"
Add component (AddParameter): Name = "Distributor Number"; Value = ""; VariantName = "[No Variations]"
Add component (AddParameter): Name = "Manufacturer"; Value = "ROHM Semiconductor"; VariantName = "[No Variations]"
Add component (AddParameter): Name = "Manufacturer Number"; Value = ""; VariantName = "[No Variations]"
Added Component: Designator=D10(LED_0805)
Add component (AddParameter): Name = "Distributor"; Value = ""; VariantName = "[No Variations]"
Add component (AddParameter): Name = "Distributor Number"; Value = ""; VariantName = "[No Variations]"
Add component (AddParameter): Name = "Manufacturer"; Value = "ROHM Semiconductor"; VariantName = "[No Variations]"
Add component (AddParameter): Name = "Manufacturer Number"; Value = ""; VariantName = "[No Variations]"
Added Component: Designator=D11(LED_0805)
Add component (AddParameter): Name = "Distributor"; Value = ""; VariantName = "[No Variations]"
Add component (AddParameter): Name = "Distributor Number"; Value = ""; VariantName = "[No Variations]"
Add component (AddParameter): Name = "Manufacturer"; Value = "ROHM Semiconductor"; VariantName = "[No Variations]"
Add component (AddParameter): Name = "Manufacturer Number"; Value = ""; VariantName = "[No Variations]"
Added Component: Designator=D12(LED_0805)
Add component (AddParameter): Name = "Distributor"; Value = ""; VariantName = "[No Variations]"
Add component (AddParameter): Name = "Distributor Number"; Value = ""; VariantName = "[No Variations]"
Add component (AddParameter): Name = "Manufacturer"; Value = "ROHM Semiconductor"; VariantName = "[No Variations]"
Add component (AddParameter): Name = "Manufacturer Number"; Value = ""; VariantName = "[No Variations]"
Added Component: Designator=D13(LED_0805)
Add component (AddParameter): Name = "Distributor"; Value = ""; VariantName = "[No Variations]"
Add component (AddParameter): Name = "Distributor Number"; Value = ""; VariantName = "[No Variations]"
Add component (AddParameter): Name = "Manufacturer"; Value = "ROHM Semiconductor"; VariantName = "[No Variations]"
Add component (AddParameter): Name = "Manufacturer Number"; Value = ""; VariantName = "[No Variations]"
Added Component: Designator=D14(LED_0805)
Add component (AddParameter): Name = "Distributor"; Value = ""; VariantName = "[No Variations]"
Add component (AddParameter): Name = "Distributor Number"; Value = ""; VariantName = "[No Variations]"
Add component (AddParameter): Name = "Manufacturer"; Value = "ROHM Semiconductor"; VariantName = "[No Variations]"
Add component (AddParameter): Name = "Manufacturer Number"; Value = ""; VariantName = "[No Variations]"
Added Component: Designator=D15(LED_0805)
Add component (AddParameter): Name = "Distributor"; Value = ""; VariantName = "[No Variations]"
Add component (AddParameter): Name = "Distributor Number"; Value = ""; VariantName = "[No Variations]"
Add component (AddParameter): Name = "Manufacturer"; Value = "ROHM Semiconductor"; VariantName = "[No Variations]"
Add component (AddParameter): Name = "Manufacturer Number"; Value = ""; VariantName = "[No Variations]"
Added Component: Designator=D16(LED_0805)
Add component (AddParameter): Name = "Distributor"; Value = ""; VariantName = "[No Variations]"
Add component (AddParameter): Name = "Distributor Number"; Value = ""; VariantName = "[No Variations]"
Add component (AddParameter): Name = "Manufacturer"; Value = "ROHM Semiconductor"; VariantName = "[No Variations]"
Add component (AddParameter): Name = "Manufacturer Number"; Value = ""; VariantName = "[No Variations]"
Added Component: Designator=D17(LED_0805)
Add component (AddParameter): Name = "Distributor"; Value = ""; VariantName = "[No Variations]"
Add component (AddParameter): Name = "Distributor Number"; Value = ""; VariantName = "[No Variations]"
Add component (AddParameter): Name = "Manufacturer"; Value = "ROHM Semiconductor"; VariantName = "[No Variations]"
Add component (AddParameter): Name = "Manufacturer Number"; Value = ""; VariantName = "[No Variations]"
Added Component: Designator=D18(LED_0805)
Add component (AddParameter): Name = "Distributor"; Value = ""; VariantName = "[No Variations]"
Add component (AddParameter): Name = "Distributor Number"; Value = ""; VariantName = "[No Variations]"
Add component (AddParameter): Name = "Manufacturer"; Value = "ROHM Semiconductor"; VariantName = "[No Variations]"
Add component (AddParameter): Name = "Manufacturer Number"; Value = ""; VariantName = "[No Variations]"
Added Component: Designator=D19(LED_0805)
Add component (AddParameter): Name = "Distributor"; Value = ""; VariantName = "[No Variations]"
Add component (AddParameter): Name = "Distributor Number"; Value = ""; VariantName = "[No Variations]"
Add component (AddParameter): Name = "Manufacturer"; Value = "ROHM Semiconductor"; VariantName = "[No Variations]"
Add component (AddParameter): Name = "Manufacturer Number"; Value = ""; VariantName = "[No Variations]"
Added Component: Designator=D20(LED_0805)
Add component (AddParameter): Name = "Distributor"; Value = ""; VariantName = "[No Variations]"
Add component (AddParameter): Name = "Distributor Number"; Value = ""; VariantName = "[No Variations]"
Add component (AddParameter): Name = "Manufacturer"; Value = "ROHM Semiconductor"; VariantName = "[No Variations]"
Add component (AddParameter): Name = "Manufacturer Number"; Value = ""; VariantName = "[No Variations]"
Added Component: Designator=D21(LED_0805)
Add component (AddParameter): Name = "Distributor"; Value = ""; VariantName = "[No Variations]"
Add component (AddParameter): Name = "Distributor Number"; Value = ""; VariantName = "[No Variations]"
Add component (AddParameter): Name = "Manufacturer"; Value = "ROHM Semiconductor"; VariantName = "[No Variations]"
Add component (AddParameter): Name = "Manufacturer Number"; Value = ""; VariantName = "[No Variations]"
Added Component: Designator=D22(LED_0805)
Add component (AddParameter): Name = "Distributor"; Value = ""; VariantName = "[No Variations]"
Add component (AddParameter): Name = "Distributor Number"; Value = ""; VariantName = "[No Variations]"
Add component (AddParameter): Name = "Manufacturer"; Value = "ROHM Semiconductor"; VariantName = "[No Variations]"
Add component (AddParameter): Name = "Manufacturer Number"; Value = ""; VariantName = "[No Variations]"
Added Component: Designator=D23(LED_0805)
Add component (AddParameter): Name = "Distributor"; Value = ""; VariantName = "[No Variations]"
Add component (AddParameter): Name = "Distributor Number"; Value = ""; VariantName = "[No Variations]"
Add component (AddParameter): Name = "Manufacturer"; Value = "ROHM Semiconductor"; VariantName = "[No Variations]"
Add component (AddParameter): Name = "Manufacturer Number"; Value = ""; VariantName = "[No Variations]"
Added Component: Designator=D24(LED_0805)
Add component (AddParameter): Name = "Distributor"; Value = ""; VariantName = "[No Variations]"
Add component (AddParameter): Name = "Distributor Number"; Value = ""; VariantName = "[No Variations]"
Add component (AddParameter): Name = "Manufacturer"; Value = "ROHM Semiconductor"; VariantName = "[No Variations]"
Add component (AddParameter): Name = "Manufacturer Number"; Value = ""; VariantName = "[No Variations]"
Added Component: Designator=D25(LED_0805)
Add component (AddParameter): Name = "Distributor"; Value = ""; VariantName = "[No Variations]"
Add component (AddParameter): Name = "Distributor Number"; Value = ""; VariantName = "[No Variations]"
Add component (AddParameter): Name = "Manufacturer"; Value = "ROHM Semiconductor"; VariantName = "[No Variations]"
Add component (AddParameter): Name = "Manufacturer Number"; Value = ""; VariantName = "[No Variations]"
Added Pin To Net: NetName=C1 Pin=D1-1
Added Pin To Net: NetName=NetD1_2 Pin=D1-2
Added Pin To Net: NetName=C2 Pin=D2-1
Added Pin To Net: NetName=NetD1_2 Pin=D2-2
Added Pin To Net: NetName=C3 Pin=D3-1
Added Pin To Net: NetName=NetD1_2 Pin=D3-2
Added Pin To Net: NetName=C4 Pin=D4-1
Added Pin To Net: NetName=NetD1_2 Pin=D4-2
Added Pin To Net: NetName=C5 Pin=D5-1
Added Pin To Net: NetName=NetD1_2 Pin=D5-2
Added Pin To Net: NetName=C1 Pin=D6-1
Added Pin To Net: NetName=R4 Pin=D6-2
Added Pin To Net: NetName=C2 Pin=D7-1
Added Pin To Net: NetName=R4 Pin=D7-2
Added Pin To Net: NetName=C3 Pin=D8-1
Added Pin To Net: NetName=R4 Pin=D8-2
Added Pin To Net: NetName=C4 Pin=D9-1
Added Pin To Net: NetName=R4 Pin=D9-2
Added Pin To Net: NetName=C5 Pin=D10-1
Added Pin To Net: NetName=R4 Pin=D10-2
Added Pin To Net: NetName=C1 Pin=D11-1
Added Pin To Net: NetName=R3 Pin=D11-2
Added Pin To Net: NetName=C2 Pin=D12-1
Added Pin To Net: NetName=R3 Pin=D12-2
Added Pin To Net: NetName=C3 Pin=D13-1
Added Pin To Net: NetName=R3 Pin=D13-2
Added Pin To Net: NetName=C4 Pin=D14-1
Added Pin To Net: NetName=R3 Pin=D14-2
Added Pin To Net: NetName=C5 Pin=D15-1
Added Pin To Net: NetName=R3 Pin=D15-2
Added Pin To Net: NetName=C1 Pin=D16-1
Added Pin To Net: NetName=R2 Pin=D16-2
Added Pin To Net: NetName=C2 Pin=D17-1
Added Pin To Net: NetName=R2 Pin=D17-2
Added Pin To Net: NetName=C3 Pin=D18-1
Added Pin To Net: NetName=R2 Pin=D18-2
Added Pin To Net: NetName=C4 Pin=D19-1
Added Pin To Net: NetName=R2 Pin=D19-2
Added Pin To Net: NetName=C5 Pin=D20-1
Added Pin To Net: NetName=R2 Pin=D20-2
Added Pin To Net: NetName=C1 Pin=D21-1
Added Pin To Net: NetName=R1 Pin=D21-2
Added Pin To Net: NetName=C2 Pin=D22-1
Added Pin To Net: NetName=R1 Pin=D22-2
Added Pin To Net: NetName=C3 Pin=D23-1
Added Pin To Net: NetName=R1 Pin=D23-2
Added Pin To Net: NetName=C4 Pin=D24-1
Added Pin To Net: NetName=R1 Pin=D24-2
Added Pin To Net: NetName=C5 Pin=D25-1
Added Pin To Net: NetName=R1 Pin=D25-2
Added Member To Class: ClassName=Top Member=Component D1 LED
Added Member To Class: ClassName=Top Member=Component D2 LED
Added Member To Class: ClassName=Top Member=Component D3 LED
Added Member To Class: ClassName=Top Member=Component D4 LED
Added Member To Class: ClassName=Top Member=Component D5 LED
Added Member To Class: ClassName=Top Member=Component D6 LED
Added Member To Class: ClassName=Top Member=Component D7 LED
Added Member To Class: ClassName=Top Member=Component D8 LED
Added Member To Class: ClassName=Top Member=Component D9 LED
Added Member To Class: ClassName=Top Member=Component D10 LED
Added Member To Class: ClassName=Top Member=Component D11 LED
Added Member To Class: ClassName=Top Member=Component D12 LED
Added Member To Class: ClassName=Top Member=Component D13 LED
Added Member To Class: ClassName=Top Member=Component D14 LED
Added Member To Class: ClassName=Top Member=Component D15 LED
Added Member To Class: ClassName=Top Member=Component D16 LED
Added Member To Class: ClassName=Top Member=Component D17 LED
Added Member To Class: ClassName=Top Member=Component D18 LED
Added Member To Class: ClassName=Top Member=Component D19 LED
Added Member To Class: ClassName=Top Member=Component D20 LED
Added Member To Class: ClassName=Top Member=Component D21 LED
Added Member To Class: ClassName=Top Member=Component D22 LED
Added Member To Class: ClassName=Top Member=Component D23 LED
Added Member To Class: ClassName=Top Member=Component D24 LED
Added Member To Class: ClassName=Top Member=Component D25 LED
