Added Component: Designator=U1(QFN50P395X400X80_HS-25N)
Add component (AddParameter): Name = "Distributor"; Value = ""; VariantName = "[No Variations]"
Add component (AddParameter): Name = "Distributor Number"; Value = ""; VariantName = "[No Variations]"
Add component (AddParameter): Name = "Manufacturer"; Value = "ISSI"; VariantName = "[No Variations]"
Add component (AddParameter): Name = "Manufacturer Number"; Value = "IS31FL3728"; VariantName = "[No Variations]"
Added Pin To Net: NetName=SDA Pin=U1-1
Added Pin To Net: NetName=SCL Pin=U1-2
Added Pin To Net: NetName=+3.3V Pin=U1-3
Added Pin To Net: NetName=NetTP1_1 Pin=U1-4
Added Pin To Net: NetName=NetTP2_1 Pin=U1-5
Added Pin To Net: NetName=AD Pin=U1-6
Added Pin To Net: NetName=R1 Pin=U1-7
Added Pin To Net: NetName=R2 Pin=U1-8
Added Pin To Net: NetName=R3 Pin=U1-9
Added Pin To Net: NetName=R4 Pin=U1-10
Added Pin To Net: NetName=+3.3V Pin=U1-11
Added Pin To Net: NetName=NetD1_2 Pin=U1-12
Added Pin To Net: NetName=C5 Pin=U1-19
Added Pin To Net: NetName=GND Pin=U1-20
Added Pin To Net: NetName=C4 Pin=U1-21
Added Pin To Net: NetName=C3 Pin=U1-22
Added Pin To Net: NetName=C2 Pin=U1-23
Added Pin To Net: NetName=C1 Pin=U1-24
Added Pin To Net: NetName=GND Pin=U1-25
Added Member To Class: ClassName=Top Member=Component U1 IS31FL3728
